  test_4_14.c
C:\c\c2\Project21\test_4_14.c(6,8): warning C4477: “scanf”: 格式字符串“%f”需要类型“float *”的参数，但可变参数 1 拥有了类型“double”
C:\c\c2\Project21\test_4_14.c(6,8): warning C4477: “scanf”: 格式字符串“%f”需要类型“float *”的参数，但可变参数 2 拥有了类型“double”
C:\c\c2\Project21\test_4_14.c(6): error C4700: 使用了未初始化的局部变量“b”
C:\c\c2\Project21\test_4_14.c(6): error C4700: 使用了未初始化的局部变量“a”
